<?xml version="1.0" encoding="UTF-8"?>
<!-- Generated by org.testng.reporters.JUnitXMLReporter -->
<testsuite ignored="0" hostname="DESKTOP-PDKO9IS" failures="0" tests="6" name="Surefire test" time="59.579" errors="0" timestamp="2025-05-12T18:44:01 PKT">
  <testcase classname="org.UserLoginTest" name="testInvalidLogin" time="4.912"/>
  <testcase classname="org.UserLoginTest" name="testInvalidLogin" time="4.432"/>
  <testcase classname="org.UserLoginTest" name="testInvalidLogin" time="4.627"/>
  <testcase classname="org.UserLoginTest" name="testInvalidLogin" time="4.521"/>
  <testcase classname="org.UserLoginTest" name="testInvalidLogin" time="8.773"/>
  <testcase classname="org.UserLoginTest" name="testValidLogin" time="7.185"/>
</testsuite> <!-- Surefire test -->
