<?xml version="1.0" encoding="UTF-8"?>
<!-- Generated by org.testng.reporters.JUnitXMLReporter -->
<testsuite ignored="0" hostname="SprintSynergy-PC" failures="3" tests="4" name="Surefire test" time="187.971" errors="0" timestamp="2025-05-07T15:31:51 PKT">
  <testcase classname="org.OfficerUserTest" name="createOfficerUser" time="68.62"/>
  <testcase classname="org.OfficerUserTest" name="verifyOfficerUser" time="19.393">
    <failure type="org.openqa.selenium.ElementClickInterceptedException" message="element click intercepted: Element &amp;lt;span _ngcontent-xvo-c667=&amp;quot;&amp;quot; class=&amp;quot;nav-label&amp;quot;&amp;gt;...&amp;lt;/span&amp;gt; is not clickable at point (86, 122). Other element would receive the click: &amp;lt;div class=&amp;quot;preloader&amp;quot; style=&amp;quot;z-index: 106;&amp;quot;&amp;gt;...&amp;lt;/div&amp;gt;
  (Session info: chrome=135.0.7049.117)
Build info: version: &amp;apos;4.29.0&amp;apos;, revision: &amp;apos;5fc1ec94cb&amp;apos;
System info: os.name: &amp;apos;Windows 10&amp;apos;, os.arch: &amp;apos;amd64&amp;apos;, os.version: &amp;apos;10.0&amp;apos;, java.version: &amp;apos;21.0.6&amp;apos;
Driver info: org.openqa.selenium.chrome.ChromeDriver
Command: [c4bf51aa03b4f606c2186e4b63f621dd, clickElement {id=f.47C28105304F83DDCED911D39662DB0C.d.7DE6496974CD2A52AEB5C09A49D8050E.e.916}]
Capabilities {acceptInsecureCerts: false, browserName: chrome, browserVersion: 135.0.7049.117, chrome: {chromedriverVersion: 135.0.7049.84 (6c019e560019..., userDataDir: C:\Users\HP\AppData\Local\T...}, fedcm:accounts: true, goog:chromeOptions: {debuggerAddress: localhost:50204}, networkConnectionEnabled: false, pageLoadStrategy: normal, platformName: windows, proxy: Proxy(), se:cdp: ws://localhost:50204/devtoo..., se:cdpVersion: 135.0.7049.117, setWindowRect: true, strictFileInteractability: false, timeouts: {implicit: 0, pageLoad: 300000, script: 30000}, unhandledPromptBehavior: dismiss and notify, webauthn:extension:credBlob: true, webauthn:extension:largeBlob: true, webauthn:extension:minPinLength: true, webauthn:extension:prf: true, webauthn:virtualAuthenticators: true}
Element: [[ChromeDriver: chrome on windows (c4bf51aa03b4f606c2186e4b63f621dd)] -&amp;gt; css selector: ul:nth-child(1) &amp;gt; li:nth-child(2) &amp;gt; a:nth-child(1) &amp;gt; span:nth-child(2)]
Session ID: c4bf51aa03b4f606c2186e4b63f621dd">
      <![CDATA[org.openqa.selenium.ElementClickInterceptedException: element click intercepted: Element <span _ngcontent-xvo-c667="" class="nav-label">...</span> is not clickable at point (86, 122). Other element would receive the click: <div class="preloader" style="z-index: 106;">...</div>
  (Session info: chrome=135.0.7049.117)
Build info: version: '4.29.0', revision: '5fc1ec94cb'
System info: os.name: 'Windows 10', os.arch: 'amd64', os.version: '10.0', java.version: '21.0.6'
Driver info: org.openqa.selenium.chrome.ChromeDriver
Command: [c4bf51aa03b4f606c2186e4b63f621dd, clickElement {id=f.47C28105304F83DDCED911D39662DB0C.d.7DE6496974CD2A52AEB5C09A49D8050E.e.916}]
Capabilities {acceptInsecureCerts: false, browserName: chrome, browserVersion: 135.0.7049.117, chrome: {chromedriverVersion: 135.0.7049.84 (6c019e560019..., userDataDir: C:\Users\HP\AppData\Local\T...}, fedcm:accounts: true, goog:chromeOptions: {debuggerAddress: localhost:50204}, networkConnectionEnabled: false, pageLoadStrategy: normal, platformName: windows, proxy: Proxy(), se:cdp: ws://localhost:50204/devtoo..., se:cdpVersion: 135.0.7049.117, setWindowRect: true, strictFileInteractability: false, timeouts: {implicit: 0, pageLoad: 300000, script: 30000}, unhandledPromptBehavior: dismiss and notify, webauthn:extension:credBlob: true, webauthn:extension:largeBlob: true, webauthn:extension:minPinLength: true, webauthn:extension:prf: true, webauthn:virtualAuthenticators: true}
Element: [[ChromeDriver: chrome on windows (c4bf51aa03b4f606c2186e4b63f621dd)] -> css selector: ul:nth-child(1) > li:nth-child(2) > a:nth-child(1) > span:nth-child(2)]
Session ID: c4bf51aa03b4f606c2186e4b63f621dd
at org.openqa.selenium.remote.ErrorCodec.decode(ErrorCodec.java:167)
at org.openqa.selenium.remote.codec.w3c.W3CHttpResponseCodec.decode(W3CHttpResponseCodec.java:138)
at org.openqa.selenium.remote.codec.w3c.W3CHttpResponseCodec.decode(W3CHttpResponseCodec.java:50)
at org.openqa.selenium.remote.HttpCommandExecutor.execute(HttpCommandExecutor.java:215)
at org.openqa.selenium.remote.service.DriverCommandExecutor.invokeExecute(DriverCommandExecutor.java:216)
at org.openqa.selenium.remote.service.DriverCommandExecutor.execute(DriverCommandExecutor.java:174)
at org.openqa.selenium.remote.RemoteWebDriver.execute(RemoteWebDriver.java:545)
at org.openqa.selenium.remote.RemoteWebElement.execute(RemoteWebElement.java:223)
at org.openqa.selenium.remote.RemoteWebElement.click(RemoteWebElement.java:76)
at org.automation.pages.OfficerPage.navigateToOfficerUser(OfficerPage.java:189)
at org.automation.pages.OfficerPage.performAssertionToVerifyInputDataOfOfficerUser(OfficerPage.java:365)
at org.automation.pages.OfficerPage.verifyCreatedOfficerUserData(OfficerPage.java:162)
at org.OfficerUserTest.verifyOfficerUser(OfficerUserTest.java:50)
at java.base/java.util.ArrayList.forEach(ArrayList.java:1596)
... Removed 33 stack frames]]>
    </failure>
  </testcase> <!-- verifyOfficerUser -->
  <testcase classname="org.OfficerUserTest" name="enterUpdateOfficerUser" time="37.044">
    <failure type="org.openqa.selenium.ElementClickInterceptedException" message="element click intercepted: Element &amp;lt;a _ngcontent-xmy-c674=&amp;quot;&amp;quot;&amp;gt;...&amp;lt;/a&amp;gt; is not clickable at point (386, 221). Other element would receive the click: &amp;lt;div class=&amp;quot;preloader&amp;quot; style=&amp;quot;z-index: 106;&amp;quot;&amp;gt;...&amp;lt;/div&amp;gt;
  (Session info: chrome=135.0.7049.117)
Build info: version: &amp;apos;4.29.0&amp;apos;, revision: &amp;apos;5fc1ec94cb&amp;apos;
System info: os.name: &amp;apos;Windows 10&amp;apos;, os.arch: &amp;apos;amd64&amp;apos;, os.version: &amp;apos;10.0&amp;apos;, java.version: &amp;apos;21.0.6&amp;apos;
Driver info: org.openqa.selenium.chrome.ChromeDriver
Command: [c4bf51aa03b4f606c2186e4b63f621dd, clickElement {id=f.47C28105304F83DDCED911D39662DB0C.d.E0BBDA47B0E59F43B0391A32C85805EF.e.1194}]
Capabilities {acceptInsecureCerts: false, browserName: chrome, browserVersion: 135.0.7049.117, chrome: {chromedriverVersion: 135.0.7049.84 (6c019e560019..., userDataDir: C:\Users\HP\AppData\Local\T...}, fedcm:accounts: true, goog:chromeOptions: {debuggerAddress: localhost:50204}, networkConnectionEnabled: false, pageLoadStrategy: normal, platformName: windows, proxy: Proxy(), se:cdp: ws://localhost:50204/devtoo..., se:cdpVersion: 135.0.7049.117, setWindowRect: true, strictFileInteractability: false, timeouts: {implicit: 0, pageLoad: 300000, script: 30000}, unhandledPromptBehavior: dismiss and notify, webauthn:extension:credBlob: true, webauthn:extension:largeBlob: true, webauthn:extension:minPinLength: true, webauthn:extension:prf: true, webauthn:virtualAuthenticators: true}
Element: [[ChromeDriver: chrome on windows (c4bf51aa03b4f606c2186e4b63f621dd)] -&amp;gt; css selector: div[class=&amp;apos;col-sm-8&amp;apos;] a]
Session ID: c4bf51aa03b4f606c2186e4b63f621dd">
      <![CDATA[org.openqa.selenium.ElementClickInterceptedException: element click intercepted: Element <a _ngcontent-xmy-c674="">...</a> is not clickable at point (386, 221). Other element would receive the click: <div class="preloader" style="z-index: 106;">...</div>
  (Session info: chrome=135.0.7049.117)
Build info: version: '4.29.0', revision: '5fc1ec94cb'
System info: os.name: 'Windows 10', os.arch: 'amd64', os.version: '10.0', java.version: '21.0.6'
Driver info: org.openqa.selenium.chrome.ChromeDriver
Command: [c4bf51aa03b4f606c2186e4b63f621dd, clickElement {id=f.47C28105304F83DDCED911D39662DB0C.d.E0BBDA47B0E59F43B0391A32C85805EF.e.1194}]
Capabilities {acceptInsecureCerts: false, browserName: chrome, browserVersion: 135.0.7049.117, chrome: {chromedriverVersion: 135.0.7049.84 (6c019e560019..., userDataDir: C:\Users\HP\AppData\Local\T...}, fedcm:accounts: true, goog:chromeOptions: {debuggerAddress: localhost:50204}, networkConnectionEnabled: false, pageLoadStrategy: normal, platformName: windows, proxy: Proxy(), se:cdp: ws://localhost:50204/devtoo..., se:cdpVersion: 135.0.7049.117, setWindowRect: true, strictFileInteractability: false, timeouts: {implicit: 0, pageLoad: 300000, script: 30000}, unhandledPromptBehavior: dismiss and notify, webauthn:extension:credBlob: true, webauthn:extension:largeBlob: true, webauthn:extension:minPinLength: true, webauthn:extension:prf: true, webauthn:virtualAuthenticators: true}
Element: [[ChromeDriver: chrome on windows (c4bf51aa03b4f606c2186e4b63f621dd)] -> css selector: div[class='col-sm-8'] a]
Session ID: c4bf51aa03b4f606c2186e4b63f621dd
at org.openqa.selenium.remote.ErrorCodec.decode(ErrorCodec.java:167)
at org.openqa.selenium.remote.codec.w3c.W3CHttpResponseCodec.decode(W3CHttpResponseCodec.java:138)
at org.openqa.selenium.remote.codec.w3c.W3CHttpResponseCodec.decode(W3CHttpResponseCodec.java:50)
at org.openqa.selenium.remote.HttpCommandExecutor.execute(HttpCommandExecutor.java:215)
at org.openqa.selenium.remote.service.DriverCommandExecutor.invokeExecute(DriverCommandExecutor.java:216)
at org.openqa.selenium.remote.service.DriverCommandExecutor.execute(DriverCommandExecutor.java:174)
at org.openqa.selenium.remote.RemoteWebDriver.execute(RemoteWebDriver.java:545)
at org.openqa.selenium.remote.RemoteWebElement.execute(RemoteWebElement.java:223)
at org.openqa.selenium.remote.RemoteWebElement.click(RemoteWebElement.java:76)
at org.automation.pages.OfficerPage.fillOfficerUserForm(OfficerPage.java:196)
at org.automation.pages.OfficerPage.updateOfficerUser(OfficerPage.java:172)
at org.OfficerUserTest.enterUpdateOfficerUser(OfficerUserTest.java:69)
at java.base/java.util.ArrayList.forEach(ArrayList.java:1596)
... Removed 33 stack frames]]>
    </failure>
  </testcase> <!-- enterUpdateOfficerUser -->
  <testcase classname="org.OfficerUserTest" name="verifyupdatedOfficerUser" time="37.288">
    <failure type="java.lang.AssertionError" message="Calendar selection mismatch expected [Lawn Jobs] but found [Master Schedule]">
      <![CDATA[java.lang.AssertionError: Calendar selection mismatch expected [Lawn Jobs] but found [Master Schedule]
at org.automation.pages.OfficerPage.performAssertionToVerifyUpdatedInputDataOfOfficerUser(OfficerPage.java:413)
at org.automation.pages.OfficerPage.verifyUpdatedOfficerUserData(OfficerPage.java:181)
at org.OfficerUserTest.verifyupdatedOfficerUser(OfficerUserTest.java:78)
at java.base/java.util.ArrayList.forEach(ArrayList.java:1596)
... Removed 35 stack frames]]>
    </failure>
  </testcase> <!-- verifyupdatedOfficerUser -->
</testsuite> <!-- Surefire test -->
