<?xml version="1.0" encoding="UTF-8"?>
<testng-results ignored="0" total="6" passed="5" failed="1" skipped="0">
  <reporter-output>
  </reporter-output>
  <suite started-at="2025-05-09T15:55:28 PKT" name="Surefire suite" finished-at="2025-05-09T15:56:38 PKT" duration-ms="69438">
    <groups>
    </groups>
    <test started-at="2025-05-09T15:55:28 PKT" name="Surefire test" finished-at="2025-05-09T15:56:38 PKT" duration-ms="69438">
      <class name="org.UserLoginTest">
        <test-method is-config="true" signature="setUp()[pri:0, instance:org.UserLoginTest@15c43bd9]" started-at="2025-05-09T15:55:29 PKT" name="setUp" finished-at="2025-05-09T15:55:31 PKT" duration-ms="2970" status="PASS">
          <reporter-output>
          </reporter-output>
        </test-method> <!-- setUp -->
        <test-method is-config="true" signature="setup()[pri:0, instance:org.UserLoginTest@15c43bd9]" started-at="2025-05-09T15:55:32 PKT" name="setup" finished-at="2025-05-09T15:55:40 PKT" duration-ms="7886" status="PASS">
          <reporter-output>
          </reporter-output>
        </test-method> <!-- setup -->
        <test-method signature="testInvalidLogin(java.lang.String,java.lang.String)[pri:0, instance:org.UserLoginTest@15c43bd9]" started-at="2025-05-09T15:55:40 PKT" name="testInvalidLogin" data-provider="invalidData" finished-at="2025-05-09T15:55:45 PKT" duration-ms="4737" status="PASS">
          <params>
            <param index="0">
              <value>
                <![CDATA[wrong@industrack.com]]>
              </value>
            </param>
            <param index="1">
              <value>
                <![CDATA[wrongpassword]]>
              </value>
            </param>
          </params>
          <reporter-output>
          </reporter-output>
        </test-method> <!-- testInvalidLogin -->
        <test-method is-config="true" signature="setup()[pri:0, instance:org.UserLoginTest@15c43bd9]" started-at="2025-05-09T15:55:45 PKT" name="setup" finished-at="2025-05-09T15:55:48 PKT" duration-ms="2947" status="PASS">
          <reporter-output>
          </reporter-output>
        </test-method> <!-- setup -->
        <test-method signature="testInvalidLogin(java.lang.String,java.lang.String)[pri:0, instance:org.UserLoginTest@15c43bd9]" started-at="2025-05-09T15:55:48 PKT" name="testInvalidLogin" data-provider="invalidData" finished-at="2025-05-09T15:55:52 PKT" duration-ms="4502" status="PASS">
          <params>
            <param index="0">
              <value>
                <![CDATA[noatsymbol.com]]>
              </value>
            </param>
            <param index="1">
              <value>
                <![CDATA[test123]]>
              </value>
            </param>
          </params>
          <reporter-output>
          </reporter-output>
        </test-method> <!-- testInvalidLogin -->
        <test-method is-config="true" signature="setup()[pri:0, instance:org.UserLoginTest@15c43bd9]" started-at="2025-05-09T15:55:52 PKT" name="setup" finished-at="2025-05-09T15:55:55 PKT" duration-ms="3248" status="PASS">
          <reporter-output>
          </reporter-output>
        </test-method> <!-- setup -->
        <test-method signature="testInvalidLogin(java.lang.String,java.lang.String)[pri:0, instance:org.UserLoginTest@15c43bd9]" started-at="2025-05-09T15:55:55 PKT" name="testInvalidLogin" data-provider="invalidData" finished-at="2025-05-09T15:56:00 PKT" duration-ms="4458" status="PASS">
          <params>
            <param index="0">
              <value>
                <![CDATA[invalid@domain]]>
              </value>
            </param>
            <param index="1">
              <value>
                <![CDATA[test123]]>
              </value>
            </param>
          </params>
          <reporter-output>
          </reporter-output>
        </test-method> <!-- testInvalidLogin -->
        <test-method is-config="true" signature="setup()[pri:0, instance:org.UserLoginTest@15c43bd9]" started-at="2025-05-09T15:56:00 PKT" name="setup" finished-at="2025-05-09T15:56:02 PKT" duration-ms="1885" status="PASS">
          <reporter-output>
          </reporter-output>
        </test-method> <!-- setup -->
        <test-method signature="testInvalidLogin(java.lang.String,java.lang.String)[pri:0, instance:org.UserLoginTest@15c43bd9]" started-at="2025-05-09T15:56:02 PKT" name="testInvalidLogin" data-provider="invalidData" finished-at="2025-05-09T15:56:06 PKT" duration-ms="4516" status="PASS">
          <params>
            <param index="0">
              <value>
                <![CDATA[hamzakhalidqae111@gmail.com]]>
              </value>
            </param>
            <param index="1">
              <value>
                <![CDATA[12345]]>
              </value>
            </param>
          </params>
          <reporter-output>
          </reporter-output>
        </test-method> <!-- testInvalidLogin -->
        <test-method is-config="true" signature="setup()[pri:0, instance:org.UserLoginTest@15c43bd9]" started-at="2025-05-09T15:56:06 PKT" name="setup" finished-at="2025-05-09T15:56:09 PKT" duration-ms="2781" status="PASS">
          <reporter-output>
          </reporter-output>
        </test-method> <!-- setup -->
        <test-method signature="testInvalidLogin(java.lang.String,java.lang.String)[pri:0, instance:org.UserLoginTest@15c43bd9]" started-at="2025-05-09T15:56:09 PKT" name="testInvalidLogin" data-provider="invalidData" finished-at="2025-05-09T15:56:27 PKT" duration-ms="17662" status="FAIL">
          <params>
            <param index="0">
              <value>
                <![CDATA[hamzakhalidqae@gmail.com]]>
              </value>
            </param>
            <param index="1">
              <value>
                <![CDATA[]]>
              </value>
            </param>
          </params>
          <exception class="org.openqa.selenium.TimeoutException">
            <message>
              <![CDATA[Expected condition failed: waiting for element to be clickable: By.cssSelector: .pull-left (tried for 10 second(s) with 500 milliseconds interval)
Build info: version: '4.29.0', revision: '5fc1ec94cb'
System info: os.name: 'Windows 10', os.arch: 'amd64', os.version: '10.0', java.version: '21.0.6'
Driver info: org.openqa.selenium.chrome.ChromeDriver
Capabilities {acceptInsecureCerts: false, browserName: chrome, browserVersion: 135.0.7049.117, chrome: {chromedriverVersion: 135.0.7049.84 (6c019e560019..., userDataDir: C:\Users\HP\AppData\Local\T...}, fedcm:accounts: true, goog:chromeOptions: {debuggerAddress: localhost:54271}, networkConnectionEnabled: false, pageLoadStrategy: normal, platformName: windows, proxy: Proxy(), se:cdp: ws://localhost:54271/devtoo..., se:cdpVersion: 135.0.7049.117, setWindowRect: true, strictFileInteractability: false, timeouts: {implicit: 0, pageLoad: 300000, script: 30000}, unhandledPromptBehavior: dismiss and notify, webauthn:extension:credBlob: true, webauthn:extension:largeBlob: true, webauthn:extension:minPinLength: true, webauthn:extension:prf: true, webauthn:virtualAuthenticators: true}
Session ID: 053b8ddbef7ab2ed3a48bcac2a4f09a6]]>
            </message>
            <full-stacktrace>
              <![CDATA[org.openqa.selenium.TimeoutException: Expected condition failed: waiting for element to be clickable: By.cssSelector: .pull-left (tried for 10 second(s) with 500 milliseconds interval)
Build info: version: '4.29.0', revision: '5fc1ec94cb'
System info: os.name: 'Windows 10', os.arch: 'amd64', os.version: '10.0', java.version: '21.0.6'
Driver info: org.openqa.selenium.chrome.ChromeDriver
Capabilities {acceptInsecureCerts: false, browserName: chrome, browserVersion: 135.0.7049.117, chrome: {chromedriverVersion: 135.0.7049.84 (6c019e560019..., userDataDir: C:\Users\HP\AppData\Local\T...}, fedcm:accounts: true, goog:chromeOptions: {debuggerAddress: localhost:54271}, networkConnectionEnabled: false, pageLoadStrategy: normal, platformName: windows, proxy: Proxy(), se:cdp: ws://localhost:54271/devtoo..., se:cdpVersion: 135.0.7049.117, setWindowRect: true, strictFileInteractability: false, timeouts: {implicit: 0, pageLoad: 300000, script: 30000}, unhandledPromptBehavior: dismiss and notify, webauthn:extension:credBlob: true, webauthn:extension:largeBlob: true, webauthn:extension:minPinLength: true, webauthn:extension:prf: true, webauthn:virtualAuthenticators: true}
Session ID: 053b8ddbef7ab2ed3a48bcac2a4f09a6
at org.openqa.selenium.support.ui.WebDriverWait.timeoutException(WebDriverWait.java:84)
at org.openqa.selenium.support.ui.FluentWait.until(FluentWait.java:228)
at org.automation.pages.CommonPage.waitForElementClickable(CommonPage.java:40)
at org.automation.pages.CommonPage.waitForElementClickable(CommonPage.java:44)
at org.automation.pages.LoginPage.handleForgotPasswordFlow(LoginPage.java:67)
at org.UserLoginTest.testInvalidLogin(UserLoginTest.java:55)
at java.base/jdk.internal.reflect.DirectMethodHandleAccessor.invoke(DirectMethodHandleAccessor.java:103)
at java.base/java.lang.reflect.Method.invoke(Method.java:580)
at org.testng.internal.invokers.MethodInvocationHelper.invokeMethod(MethodInvocationHelper.java:141)
at org.testng.internal.invokers.TestInvoker.invokeMethod(TestInvoker.java:687)
at org.testng.internal.invokers.TestInvoker.invokeTestMethod(TestInvoker.java:230)
at org.testng.internal.invokers.MethodRunner.runInSequence(MethodRunner.java:63)
at org.testng.internal.invokers.TestInvoker$MethodInvocationAgent.invoke(TestInvoker.java:995)
at org.testng.internal.invokers.TestInvoker.invokeTestMethods(TestInvoker.java:203)
at org.testng.internal.invokers.TestMethodWorker.invokeTestMethods(TestMethodWorker.java:154)
at org.testng.internal.invokers.TestMethodWorker.run(TestMethodWorker.java:134)
at java.base/java.util.ArrayList.forEach(ArrayList.java:1596)
at org.testng.TestRunner.privateRun(TestRunner.java:741)
at org.testng.TestRunner.run(TestRunner.java:616)
at org.testng.SuiteRunner.runTest(SuiteRunner.java:421)
at org.testng.SuiteRunner.runSequentially(SuiteRunner.java:413)
at org.testng.SuiteRunner.privateRun(SuiteRunner.java:373)
at org.testng.SuiteRunner.run(SuiteRunner.java:312)
at org.testng.SuiteRunnerWorker.runSuite(SuiteRunnerWorker.java:52)
at org.testng.SuiteRunnerWorker.run(SuiteRunnerWorker.java:95)
at org.testng.TestNG.runSuitesSequentially(TestNG.java:1274)
at org.testng.TestNG.runSuitesLocally(TestNG.java:1208)
at org.testng.TestNG.runSuites(TestNG.java:1112)
at org.testng.TestNG.run(TestNG.java:1079)
at org.apache.maven.surefire.testng.TestNGExecutor.run(TestNGExecutor.java:155)
at org.apache.maven.surefire.testng.TestNGDirectoryTestSuite.executeSingleClass(TestNGDirectoryTestSuite.java:102)
at org.apache.maven.surefire.testng.TestNGDirectoryTestSuite.execute(TestNGDirectoryTestSuite.java:91)
at org.apache.maven.surefire.testng.TestNGProvider.invoke(TestNGProvider.java:137)
at org.apache.maven.surefire.booter.ForkedBooter.runSuitesInProcess(ForkedBooter.java:385)
at org.apache.maven.surefire.booter.ForkedBooter.execute(ForkedBooter.java:162)
at org.apache.maven.surefire.booter.ForkedBooter.run(ForkedBooter.java:507)
at org.apache.maven.surefire.booter.ForkedBooter.main(ForkedBooter.java:495)
]]>
            </full-stacktrace>
          </exception> <!-- org.openqa.selenium.TimeoutException -->
          <reporter-output>
          </reporter-output>
        </test-method> <!-- testInvalidLogin -->
        <test-method is-config="true" signature="setup()[pri:0, instance:org.UserLoginTest@15c43bd9]" started-at="2025-05-09T15:56:27 PKT" name="setup" finished-at="2025-05-09T15:56:29 PKT" duration-ms="2594" status="PASS">
          <reporter-output>
          </reporter-output>
        </test-method> <!-- setup -->
        <test-method signature="testValidLogin(java.lang.String,java.lang.String)[pri:0, instance:org.UserLoginTest@15c43bd9]" started-at="2025-05-09T15:56:29 PKT" name="testValidLogin" data-provider="validData" finished-at="2025-05-09T15:56:37 PKT" duration-ms="8186" status="PASS">
          <params>
            <param index="0">
              <value>
                <![CDATA[hamzakhalidqae@gmail.com]]>
              </value>
            </param>
            <param index="1">
              <value>
                <![CDATA[123456]]>
              </value>
            </param>
          </params>
          <reporter-output>
          </reporter-output>
        </test-method> <!-- testValidLogin -->
        <test-method is-config="true" signature="tearDown()[pri:0, instance:org.UserLoginTest@15c43bd9]" started-at="2025-05-09T15:56:37 PKT" name="tearDown" finished-at="2025-05-09T15:56:38 PKT" duration-ms="564" status="PASS">
          <reporter-output>
          </reporter-output>
        </test-method> <!-- tearDown -->
      </class> <!-- org.UserLoginTest -->
    </test> <!-- Surefire test -->
  </suite> <!-- Surefire suite -->
</testng-results>
