<?xml version="1.0" encoding="UTF-8"?>
<testng-results ignored="0" total="6" passed="6" failed="0" skipped="0">
  <reporter-output>
  </reporter-output>
  <suite started-at="2025-05-12T18:43:02 PKT" name="Surefire suite" finished-at="2025-05-12T18:44:01 PKT" duration-ms="59579">
    <groups>
    </groups>
    <test started-at="2025-05-12T18:43:02 PKT" name="Surefire test" finished-at="2025-05-12T18:44:01 PKT" duration-ms="59579">
      <class name="org.UserLoginTest">
        <test-method is-config="true" signature="setUp()[pri:0, instance:org.UserLoginTest@3daa422a]" started-at="2025-05-12T18:43:02 PKT" name="setUp" finished-at="2025-05-12T18:43:05 PKT" duration-ms="3083" status="PASS">
          <reporter-output>
          </reporter-output>
        </test-method> <!-- setUp -->
        <test-method is-config="true" signature="setup()[pri:0, instance:org.UserLoginTest@3daa422a]" started-at="2025-05-12T18:43:05 PKT" name="setup" finished-at="2025-05-12T18:43:13 PKT" duration-ms="7926" status="PASS">
          <reporter-output>
          </reporter-output>
        </test-method> <!-- setup -->
        <test-method signature="testInvalidLogin(java.lang.String,java.lang.String)[pri:0, instance:org.UserLoginTest@3daa422a]" started-at="2025-05-12T18:43:13 PKT" name="testInvalidLogin" data-provider="invalidData" finished-at="2025-05-12T18:43:18 PKT" duration-ms="4912" status="PASS">
          <params>
            <param index="0">
              <value>
                <![CDATA[wrong@industrack.com]]>
              </value>
            </param>
            <param index="1">
              <value>
                <![CDATA[wrongpassword]]>
              </value>
            </param>
          </params>
          <reporter-output>
          </reporter-output>
        </test-method> <!-- testInvalidLogin -->
        <test-method is-config="true" signature="setup()[pri:0, instance:org.UserLoginTest@3daa422a]" started-at="2025-05-12T18:43:18 PKT" name="setup" finished-at="2025-05-12T18:43:22 PKT" duration-ms="3279" status="PASS">
          <reporter-output>
          </reporter-output>
        </test-method> <!-- setup -->
        <test-method signature="testInvalidLogin(java.lang.String,java.lang.String)[pri:0, instance:org.UserLoginTest@3daa422a]" started-at="2025-05-12T18:43:22 PKT" name="testInvalidLogin" data-provider="invalidData" finished-at="2025-05-12T18:43:26 PKT" duration-ms="4432" status="PASS">
          <params>
            <param index="0">
              <value>
                <![CDATA[noatsymbol.com]]>
              </value>
            </param>
            <param index="1">
              <value>
                <![CDATA[test123]]>
              </value>
            </param>
          </params>
          <reporter-output>
          </reporter-output>
        </test-method> <!-- testInvalidLogin -->
        <test-method is-config="true" signature="setup()[pri:0, instance:org.UserLoginTest@3daa422a]" started-at="2025-05-12T18:43:26 PKT" name="setup" finished-at="2025-05-12T18:43:29 PKT" duration-ms="3322" status="PASS">
          <reporter-output>
          </reporter-output>
        </test-method> <!-- setup -->
        <test-method signature="testInvalidLogin(java.lang.String,java.lang.String)[pri:0, instance:org.UserLoginTest@3daa422a]" started-at="2025-05-12T18:43:29 PKT" name="testInvalidLogin" data-provider="invalidData" finished-at="2025-05-12T18:43:34 PKT" duration-ms="4627" status="PASS">
          <params>
            <param index="0">
              <value>
                <![CDATA[invalid@domain]]>
              </value>
            </param>
            <param index="1">
              <value>
                <![CDATA[test123]]>
              </value>
            </param>
          </params>
          <reporter-output>
          </reporter-output>
        </test-method> <!-- testInvalidLogin -->
        <test-method is-config="true" signature="setup()[pri:0, instance:org.UserLoginTest@3daa422a]" started-at="2025-05-12T18:43:34 PKT" name="setup" finished-at="2025-05-12T18:43:37 PKT" duration-ms="3135" status="PASS">
          <reporter-output>
          </reporter-output>
        </test-method> <!-- setup -->
        <test-method signature="testInvalidLogin(java.lang.String,java.lang.String)[pri:0, instance:org.UserLoginTest@3daa422a]" started-at="2025-05-12T18:43:37 PKT" name="testInvalidLogin" data-provider="invalidData" finished-at="2025-05-12T18:43:42 PKT" duration-ms="4521" status="PASS">
          <params>
            <param index="0">
              <value>
                <![CDATA[hamzakhalidqae111@gmail.com]]>
              </value>
            </param>
            <param index="1">
              <value>
                <![CDATA[12345]]>
              </value>
            </param>
          </params>
          <reporter-output>
          </reporter-output>
        </test-method> <!-- testInvalidLogin -->
        <test-method is-config="true" signature="setup()[pri:0, instance:org.UserLoginTest@3daa422a]" started-at="2025-05-12T18:43:42 PKT" name="setup" finished-at="2025-05-12T18:43:44 PKT" duration-ms="1993" status="PASS">
          <reporter-output>
          </reporter-output>
        </test-method> <!-- setup -->
        <test-method signature="testInvalidLogin(java.lang.String,java.lang.String)[pri:0, instance:org.UserLoginTest@3daa422a]" started-at="2025-05-12T18:43:44 PKT" name="testInvalidLogin" data-provider="invalidData" finished-at="2025-05-12T18:43:52 PKT" duration-ms="8773" status="PASS">
          <params>
            <param index="0">
              <value>
                <![CDATA[hamzakhalidqae@gmail.com]]>
              </value>
            </param>
            <param index="1">
              <value>
                <![CDATA[]]>
              </value>
            </param>
          </params>
          <reporter-output>
          </reporter-output>
        </test-method> <!-- testInvalidLogin -->
        <test-method is-config="true" signature="setup()[pri:0, instance:org.UserLoginTest@3daa422a]" started-at="2025-05-12T18:43:52 PKT" name="setup" finished-at="2025-05-12T18:43:54 PKT" duration-ms="1581" status="PASS">
          <reporter-output>
          </reporter-output>
        </test-method> <!-- setup -->
        <test-method signature="testValidLogin(java.lang.String,java.lang.String)[pri:0, instance:org.UserLoginTest@3daa422a]" started-at="2025-05-12T18:43:54 PKT" name="testValidLogin" data-provider="validData" finished-at="2025-05-12T18:44:01 PKT" duration-ms="7185" status="PASS">
          <params>
            <param index="0">
              <value>
                <![CDATA[hamzakhalidqae@gmail.com]]>
              </value>
            </param>
            <param index="1">
              <value>
                <![CDATA[123456]]>
              </value>
            </param>
          </params>
          <reporter-output>
          </reporter-output>
        </test-method> <!-- testValidLogin -->
        <test-method is-config="true" signature="tearDown()[pri:0, instance:org.UserLoginTest@3daa422a]" started-at="2025-05-12T18:44:01 PKT" name="tearDown" finished-at="2025-05-12T18:44:01 PKT" duration-ms="310" status="PASS">
          <reporter-output>
          </reporter-output>
        </test-method> <!-- tearDown -->
      </class> <!-- org.UserLoginTest -->
    </test> <!-- Surefire test -->
  </suite> <!-- Surefire suite -->
</testng-results>
